2025-04-27 08:01:00 | WARN | repo=course-sys-int-systems | action=test | passed=true
2025-09-17 08:41:00 | INFO | repo=course-sys-int-systems | action=commit
2025-11-19 21:14:00 | WARN | repo=course-sys-int-systems | action=commit
2025-01-07 08:53:00 | DEBUG | repo=course-sys-int-systems | action=pull
2025-07-17 21:41:00 | WARN | repo=course-sys-int-systems | action=pull
2025-05-19 09:03:00 | WARN | repo=course-sys-int-systems | action=test | passed=true
2025-06-13 08:11:00 | WARN | repo=course-sys-int-systems | action=commit
2025-01-26 09:52:00 | WARN | repo=course-sys-int-systems | action=test | passed=true
2025-11-05 21:11:00 | WARN | repo=course-sys-int-systems | action=commit
2025-06-27 10:31:00 | WARN | repo=course-sys-int-systems | action=test | passed=true
2025-10-10 19:23:00 | INFO | repo=course-sys-int-systems | action=commit
2025-04-09 19:57:00 | DEBUG | repo=course-sys-int-systems | action=commit
2025-11-07 09:56:00 | INFO | repo=course-sys-int-systems | action=pull
2025-04-04 16:55:00 | WARN | repo=course-sys-int-systems | action=commit
2025-08-18 18:26:00 | WARN | repo=course-sys-int-systems | action=test | passed=true
2025-09-05 10:14:00 | DEBUG | repo=course-sys-int-systems | action=edit | files=5
2025-08-25 21:13:00 | WARN | repo=course-sys-int-systems | action=commit
2025-04-12 17:01:00 | DEBUG | repo=course-sys-int-systems | action=commit
2025-07-21 07:01:00 | WARN | repo=course-sys-int-systems | action=commit
2025-06-25 18:59:00 | WARN | repo=course-sys-int-systems | action=commit
2025-11-08 08:21:00 | DEBUG | repo=course-sys-int-systems | action=commit
2025-11-02 18:41:00 | DEBUG | repo=course-sys-int-systems | action=commit
2025-05-16 19:47:00 | DEBUG | repo=course-sys-int-systems | action=edit | files=4
2025-11-07 18:40:00 | WARN | repo=course-sys-int-systems | action=commit
2025-10-08 10:37:00 | WARN | repo=course-sys-int-systems | action=edit | files=3
2025-08-26 20:35:00 | DEBUG | repo=course-sys-int-systems | action=commit
2025-02-07 07:33:00 | WARN | repo=course-sys-int-systems | action=commit
2025-06-27 12:17:00 | DEBUG | repo=course-sys-int-systems | action=commit
2025-07-07 08:08:00 | DEBUG | repo=course-sys-int-systems | action=commit
2025-11-28 10:34:00 | INFO | repo=course-sys-int-systems | action=commit
2025-02-13 14:30:00 | INFO | repo=course-sys-int-systems | action=edit | files=5
2025-10-28 08:47:00 | DEBUG | repo=course-sys-int-systems | action=commit
2025-07-03 09:16:00 | DEBUG | repo=course-sys-int-systems | action=commit
2025-05-09 07:49:00 | DEBUG | repo=course-sys-int-systems | action=commit
2025-05-10 13:11:00 | WARN | repo=course-sys-int-systems | action=commit
2025-02-23 17:03:00 | DEBUG | repo=course-sys-int-systems | action=commit
2025-06-11 16:12:00 | INFO | repo=course-sys-int-systems | action=edit | files=4
2025-12-27 15:21:00 | WARN | repo=course-sys-int-systems | action=test | passed=true
2025-10-12 07:08:00 | INFO | repo=course-sys-int-systems | action=edit | files=2
2025-10-17 11:06:00 | DEBUG | repo=course-sys-int-systems | action=commit
2025-03-12 21:11:00 | INFO | repo=course-sys-int-systems | action=edit | files=1
2025-04-02 08:01:00 | WARN | repo=course-sys-int-systems | action=commit
2025-06-10 21:42:00 | WARN | repo=course-sys-int-systems | action=pull
2025-01-08 21:36:00 | DEBUG | repo=course-sys-int-systems | action=test | passed=true
2025-01-19 12:15:00 | DEBUG | repo=course-sys-int-systems | action=pull
2025-08-19 19:09:00 | DEBUG | repo=course-sys-int-systems | action=test | passed=true
2025-12-26 07:48:00 | INFO | repo=course-sys-int-systems | action=commit
2025-09-06 17:36:00 | INFO | repo=course-sys-int-systems | action=commit
2025-09-19 15:38:00 | DEBUG | repo=course-sys-int-systems | action=edit | files=5
2025-02-12 12:13:00 | INFO | repo=course-sys-int-systems | action=commit
2025-08-20 07:38:00 | DEBUG | repo=course-sys-int-systems | action=test | passed=true
2025-12-15 20:10:00 | WARN | repo=course-sys-int-systems | action=commit
2025-08-03 09:35:00 | DEBUG | repo=course-sys-int-systems | action=pull
2025-05-14 11:15:00 | INFO | repo=course-sys-int-systems | action=commit
2025-05-08 20:54:00 | DEBUG | repo=course-sys-int-systems | action=pull
2025-02-08 21:58:00 | INFO | repo=course-sys-int-systems | action=commit
2025-01-15 19:34:00 | WARN | repo=course-sys-int-systems | action=commit
2025-03-07 09:26:00 | DEBUG | repo=course-sys-int-systems | action=commit
2025-09-04 08:08:00 | DEBUG | repo=course-sys-int-systems | action=pull
2025-03-18 15:56:00 | DEBUG | repo=course-sys-int-systems | action=commit
2025-05-19 16:58:00 | INFO | repo=course-sys-int-systems | action=commit
2025-09-14 19:01:00 | WARN | repo=course-sys-int-systems | action=commit
2025-05-07 12:32:00 | DEBUG | repo=course-sys-int-systems | action=edit | files=2
2025-03-01 19:24:00 | INFO | repo=course-sys-int-systems | action=edit | files=1
2025-08-15 09:31:00 | DEBUG | repo=course-sys-int-systems | action=edit | files=1
2025-01-26 13:42:00 | DEBUG | repo=course-sys-int-systems | action=commit
2025-12-09 17:01:00 | INFO | repo=course-sys-int-systems | action=commit
2025-07-23 15:47:00 | INFO | repo=course-sys-int-systems | action=commit
2025-11-06 12:25:00 | WARN | repo=course-sys-int-systems | action=pull
2025-02-14 20:31:00 | WARN | repo=course-sys-int-systems | action=test | passed=true
2025-07-21 13:50:00 | INFO | repo=course-sys-int-systems | action=commit
2025-08-27 10:28:00 | WARN | repo=course-sys-int-systems | action=commit
2025-11-27 08:15:00 | INFO | repo=course-sys-int-systems | action=commit
2025-05-27 20:11:00 | INFO | repo=course-sys-int-systems | action=commit
2025-11-05 15:35:00 | DEBUG | repo=course-sys-int-systems | action=commit
2025-06-17 21:11:00 | DEBUG | repo=course-sys-int-systems | action=commit
2025-02-20 21:38:00 | DEBUG | repo=course-sys-int-systems | action=commit
2025-04-27 14:36:00 | WARN | repo=course-sys-int-systems | action=commit
2025-12-14 07:32:00 | DEBUG | repo=course-sys-int-systems | action=commit
2025-06-19 20:24:00 | WARN | repo=course-sys-int-systems | action=commit
2025-10-24 08:47:00 | INFO | repo=course-sys-int-systems | action=commit
2025-09-26 14:24:00 | INFO | repo=course-sys-int-systems | action=commit
2025-09-05 14:34:00 | WARN | repo=course-sys-int-systems | action=commit
2025-07-26 10:52:00 | DEBUG | repo=course-sys-int-systems | action=commit
